<?xml version="1.0" encoding="UTF-8"?>
<testsuite xmlns:xsi="http://www.w3.org/2001/XMLSchema-instance" xsi:noNamespaceSchemaLocation="https://maven.apache.org/surefire/maven-failsafe-plugin/xsd/failsafe-test-report.xsd" name="Test 2 UI" time="0.194" tests="1" errors="1" skipped="0" failures="0">
  <properties>
    <property name="sun.desktop" value="windows"/>
    <property name="awt.toolkit" value="sun.awt.windows.WToolkit"/>
    <property name="java.specification.version" value="11"/>
    <property name="webdriver.chrome.driver" value="src\test\java\resources\drivers\windows\chromedriver.exe"/>
    <property name="sun.cpu.isalist" value="amd64"/>
    <property name="sun.jnu.encoding" value="Cp1252"/>
    <property name="java.class.path" value="C:\Users\flaviane.c.siqueira\Documents\intelliJ\ChallengeStefanini\target\test-classes;C:\Users\flaviane.c.siqueira\Documents\intelliJ\ChallengeStefanini\target\ChallengeStefanini-1.0-SNAPSHOT.jar;C:\Users\flaviane.c.siqueira\.m2\repository\ch\qos\logback\logback-classic\1.0.13\logback-classic-1.0.13.jar;C:\Users\flaviane.c.siqueira\.m2\repository\ch\qos\logback\logback-core\1.0.13\logback-core-1.0.13.jar;C:\Users\flaviane.c.siqueira\.m2\repository\org\slf4j\slf4j-api\1.7.5\slf4j-api-1.7.5.jar;C:\Users\flaviane.c.siqueira\.m2\repository\net\serenity-bdd\serenity-core\2.0.88\serenity-core-2.0.88.jar;C:\Users\flaviane.c.siqueira\.m2\repository\net\bytebuddy\byte-buddy\1.10.1\byte-buddy-1.10.1.jar;C:\Users\flaviane.c.siqueira\.m2\repository\net\bytebuddy\byte-buddy-agent\1.10.1\byte-buddy-agent-1.10.1.jar;C:\Users\flaviane.c.siqueira\.m2\repository\com\google\guava\guava\25.0-jre\guava-25.0-jre.jar;C:\Users\flaviane.c.siqueira\.m2\repository\com\google\code\findbugs\jsr305\1.3.9\jsr305-1.3.9.jar;C:\Users\flaviane.c.siqueira\.m2\repository\org\checkerframework\checker-compat-qual\2.0.0\checker-compat-qual-2.0.0.jar;C:\Users\flaviane.c.siqueira\.m2\repository\com\google\errorprone\error_prone_annotations\2.1.3\error_prone_annotations-2.1.3.jar;C:\Users\flaviane.c.siqueira\.m2\repository\com\google\j2objc\j2objc-annotations\1.1\j2objc-annotations-1.1.jar;C:\Users\flaviane.c.siqueira\.m2\repository\org\codehaus\mojo\animal-sniffer-annotations\1.14\animal-sniffer-annotations-1.14.jar;C:\Users\flaviane.c.siqueira\.m2\repository\com\google\inject\guice\4.2.2\guice-4.2.2.jar;C:\Users\flaviane.c.siqueira\.m2\repository\javax\inject\javax.inject\1\javax.inject-1.jar;C:\Users\flaviane.c.siqueira\.m2\repository\aopalliance\aopalliance\1.0\aopalliance-1.0.jar;C:\Users\flaviane.c.siqueira\.m2\repository\org\ow2\asm\asm\7.2\asm-7.2.jar;C:\Users\flaviane.c.siqueira\.m2\repository\commons-codec\commons-codec\1.10\commons-codec-1.10.jar;C:\Users\flaviane.c.siqueira\.m2\repository\org\objenesis\objenesis\3.0.1\objenesis-3.0.1.jar;C:\Users\flaviane.c.siqueira\.m2\repository\xml-apis\xml-apis\1.4.01\xml-apis-1.4.01.jar;C:\Users\flaviane.c.siqueira\.m2\repository\commons-logging\commons-logging\1.2\commons-logging-1.2.jar;C:\Users\flaviane.c.siqueira\.m2\repository\io\vavr\vavr\0.9.0\vavr-0.9.0.jar;C:\Users\flaviane.c.siqueira\.m2\repository\io\vavr\vavr-match\0.9.0\vavr-match-0.9.0.jar;C:\Users\flaviane.c.siqueira\.m2\repository\javax\xml\bind\jaxb-api\2.2.12\jaxb-api-2.2.12.jar;C:\Users\flaviane.c.siqueira\.m2\repository\com\sun\xml\bind\jaxb-core\2.3.0.1\jaxb-core-2.3.0.1.jar;C:\Users\flaviane.c.siqueira\.m2\repository\com\sun\xml\bind\jaxb-impl\2.3.0.1\jaxb-impl-2.3.0.1.jar;C:\Users\flaviane.c.siqueira\.m2\repository\javax\activation\activation\1.1.1\activation-1.1.1.jar;C:\Users\flaviane.c.siqueira\.m2\repository\org\mockito\mockito-core\3.1.0\mockito-core-3.1.0.jar;C:\Users\flaviane.c.siqueira\.m2\repository\net\serenity-bdd\serenity-report-resources\2.0.88\serenity-report-resources-2.0.88.jar;C:\Users\flaviane.c.siqueira\.m2\repository\net\serenity-bdd\serenity-model\2.0.88\serenity-model-2.0.88.jar;C:\Users\flaviane.c.siqueira\.m2\repository\commons-net\commons-net\3.6\commons-net-3.6.jar;C:\Users\flaviane.c.siqueira\.m2\repository\org\apache\commons\commons-text\1.6\commons-text-1.6.jar;C:\Users\flaviane.c.siqueira\.m2\repository\es\nitaur\markdown\txtmark\0.16\txtmark-0.16.jar;C:\Users\flaviane.c.siqueira\.m2\repository\net\serenity-bdd\serenity-reports\2.0.88\serenity-reports-2.0.88.jar;C:\Users\flaviane.c.siqueira\.m2\repository\com\google\code\gson\gson\2.8.4\gson-2.8.4.jar;C:\Users\flaviane.c.siqueira\.m2\repository\commons-io\commons-io\2.6\commons-io-2.6.jar;C:\Users\flaviane.c.siqueira\.m2\repository\org\seleniumhq\selenium\selenium-server\3.141.59\selenium-server-3.141.59.jar;C:\Users\flaviane.c.siqueira\.m2\repository\com\beust\jcommander\1.72\jcommander-1.72.jar;C:\Users\flaviane.c.siqueira\.m2\repository\net\jcip\jcip-annotations\1.0\jcip-annotations-1.0.jar;C:\Users\flaviane.c.siqueira\.m2\repository\org\seleniumhq\selenium\jetty-repacked\9.4.12.v20180830\jetty-repacked-9.4.12.v20180830.jar;C:\Users\flaviane.c.siqueira\.m2\repository\javax\servlet\javax.servlet-api\3.1.0\javax.servlet-api-3.1.0.jar;C:\Users\flaviane.c.siqueira\.m2\repository\org\yaml\snakeyaml\1.19\snakeyaml-1.19.jar;C:\Users\flaviane.c.siqueira\.m2\repository\org\seleniumhq\selenium\selenium-api\3.141.59\selenium-api-3.141.59.jar;C:\Users\flaviane.c.siqueira\.m2\repository\org\seleniumhq\selenium\selenium-chrome-driver\3.141.59\selenium-chrome-driver-3.141.59.jar;C:\Users\flaviane.c.siqueira\.m2\repository\org\seleniumhq\selenium\selenium-edge-driver\3.141.59\selenium-edge-driver-3.141.59.jar;C:\Users\flaviane.c.siqueira\.m2\repository\org\seleniumhq\selenium\selenium-remote-driver\3.141.59\selenium-remote-driver-3.141.59.jar;C:\Users\flaviane.c.siqueira\.m2\repository\org\seleniumhq\selenium\selenium-safari-driver\3.141.59\selenium-safari-driver-3.141.59.jar;C:\Users\flaviane.c.siqueira\.m2\repository\org\seleniumhq\selenium\selenium-opera-driver\3.141.59\selenium-opera-driver-3.141.59.jar;C:\Users\flaviane.c.siqueira\.m2\repository\org\seleniumhq\selenium\selenium-support\3.141.59\selenium-support-3.141.59.jar;C:\Users\flaviane.c.siqueira\.m2\repository\com\paulhammant\ngwebdriver\1.1.4\ngwebdriver-1.1.4.jar;C:\Users\flaviane.c.siqueira\.m2\repository\com\codeborne\phantomjsdriver\1.4.4\phantomjsdriver-1.4.4.jar;C:\Users\flaviane.c.siqueira\.m2\repository\org\seleniumhq\selenium\htmlunit-driver\2.36.0\htmlunit-driver-2.36.0.jar;C:\Users\flaviane.c.siqueira\.m2\repository\io\appium\java-client\7.2.0\java-client-7.2.0.jar;C:\Users\flaviane.c.siqueira\.m2\repository\commons-validator\commons-validator\1.6\commons-validator-1.6.jar;C:\Users\flaviane.c.siqueira\.m2\repository\commons-beanutils\commons-beanutils\1.9.2\commons-beanutils-1.9.2.jar;C:\Users\flaviane.c.siqueira\.m2\repository\commons-digester\commons-digester\1.8.1\commons-digester-1.8.1.jar;C:\Users\flaviane.c.siqueira\.m2\repository\org\aspectj\aspectjweaver\1.9.4\aspectjweaver-1.9.4.jar;C:\Users\flaviane.c.siqueira\.m2\repository\org\springframework\spring-context-support\5.1.2.RELEASE\spring-context-support-5.1.2.RELEASE.jar;C:\Users\flaviane.c.siqueira\.m2\repository\org\springframework\spring-beans\5.1.2.RELEASE\spring-beans-5.1.2.RELEASE.jar;C:\Users\flaviane.c.siqueira\.m2\repository\org\springframework\spring-context\5.1.2.RELEASE\spring-context-5.1.2.RELEASE.jar;C:\Users\flaviane.c.siqueira\.m2\repository\org\springframework\spring-aop\5.1.2.RELEASE\spring-aop-5.1.2.RELEASE.jar;C:\Users\flaviane.c.siqueira\.m2\repository\org\springframework\spring-expression\5.1.2.RELEASE\spring-expression-5.1.2.RELEASE.jar;C:\Users\flaviane.c.siqueira\.m2\repository\org\springframework\spring-core\5.1.2.RELEASE\spring-core-5.1.2.RELEASE.jar;C:\Users\flaviane.c.siqueira\.m2\repository\org\springframework\spring-jcl\5.1.2.RELEASE\spring-jcl-5.1.2.RELEASE.jar;C:\Users\flaviane.c.siqueira\.m2\repository\org\codehaus\groovy\groovy\2.5.5\groovy-2.5.5.jar;C:\Users\flaviane.c.siqueira\.m2\repository\net\sf\opencsv\opencsv\2.0\opencsv-2.0.jar;C:\Users\flaviane.c.siqueira\.m2\repository\commons-beanutils\commons-beanutils-core\1.8.3\commons-beanutils-core-1.8.3.jar;C:\Users\flaviane.c.siqueira\.m2\repository\joda-time\joda-time\2.7\joda-time-2.7.jar;C:\Users\flaviane.c.siqueira\.m2\repository\com\thoughtworks\xstream\xstream\1.4.9\xstream-1.4.9.jar;C:\Users\flaviane.c.siqueira\.m2\repository\xmlpull\xmlpull\1.1.3.1\xmlpull-1.1.3.1.jar;C:\Users\flaviane.c.siqueira\.m2\repository\xpp3\xpp3_min\1.1.4c\xpp3_min-1.1.4c.jar;C:\Users\flaviane.c.siqueira\.m2\repository\org\apache\commons\commons-lang3\3.8.1\commons-lang3-3.8.1.jar;C:\Users\flaviane.c.siqueira\.m2\repository\commons-collections\commons-collections\3.2.2\commons-collections-3.2.2.jar;C:\Users\flaviane.c.siqueira\.m2\repository\org\freemarker\freemarker\2.3.28\freemarker-2.3.28.jar;C:\Users\flaviane.c.siqueira\.m2\repository\net\sourceforge\jexcelapi\jxl\2.6.12\jxl-2.6.12.jar;C:\Users\flaviane.c.siqueira\.m2\repository\org\hamcrest\hamcrest-core\1.3\hamcrest-core-1.3.jar;C:\Users\flaviane.c.siqueira\.m2\repository\org\hamcrest\hamcrest-library\1.3\hamcrest-library-1.3.jar;C:\Users\flaviane.c.siqueira\.m2\repository\net\sourceforge\htmlunit\htmlunit\2.36.0\htmlunit-2.36.0.jar;C:\Users\flaviane.c.siqueira\.m2\repository\net\sourceforge\htmlunit\htmlunit-core-js\2.36.0\htmlunit-core-js-2.36.0.jar;C:\Users\flaviane.c.siqueira\.m2\repository\net\sourceforge\htmlunit\neko-htmlunit\2.36.0\neko-htmlunit-2.36.0.jar;C:\Users\flaviane.c.siqueira\.m2\repository\xerces\xercesImpl\2.12.0\xercesImpl-2.12.0.jar;C:\Users\flaviane.c.siqueira\.m2\repository\net\sourceforge\htmlunit\htmlunit-cssparser\1.5.0\htmlunit-cssparser-1.5.0.jar;C:\Users\flaviane.c.siqueira\.m2\repository\org\brotli\dec\0.1.2\dec-0.1.2.jar;C:\Users\flaviane.c.siqueira\.m2\repository\org\eclipse\jetty\websocket\websocket-client\9.4.20.v20190813\websocket-client-9.4.20.v20190813.jar;C:\Users\flaviane.c.siqueira\.m2\repository\org\eclipse\jetty\jetty-client\9.4.20.v20190813\jetty-client-9.4.20.v20190813.jar;C:\Users\flaviane.c.siqueira\.m2\repository\org\eclipse\jetty\jetty-http\9.4.20.v20190813\jetty-http-9.4.20.v20190813.jar;C:\Users\flaviane.c.siqueira\.m2\repository\org\eclipse\jetty\jetty-xml\9.4.20.v20190813\jetty-xml-9.4.20.v20190813.jar;C:\Users\flaviane.c.siqueira\.m2\repository\org\eclipse\jetty\jetty-util\9.4.20.v20190813\jetty-util-9.4.20.v20190813.jar;C:\Users\flaviane.c.siqueira\.m2\repository\org\eclipse\jetty\jetty-io\9.4.20.v20190813\jetty-io-9.4.20.v20190813.jar;C:\Users\flaviane.c.siqueira\.m2\repository\org\eclipse\jetty\websocket\websocket-common\9.4.20.v20190813\websocket-common-9.4.20.v20190813.jar;C:\Users\flaviane.c.siqueira\.m2\repository\org\eclipse\jetty\websocket\websocket-api\9.4.20.v20190813\websocket-api-9.4.20.v20190813.jar;C:\Users\flaviane.c.siqueira\.m2\repository\org\apache\httpcomponents\httpclient\4.5.5\httpclient-4.5.5.jar;C:\Users\flaviane.c.siqueira\.m2\repository\org\apache\httpcomponents\httpcore\4.4.9\httpcore-4.4.9.jar;C:\Users\flaviane.c.siqueira\.m2\repository\org\apache\httpcomponents\httpmime\4.5.5\httpmime-4.5.5.jar;C:\Users\flaviane.c.siqueira\.m2\repository\org\fluentlenium\fluentlenium-core\0.10.2\fluentlenium-core-0.10.2.jar;C:\Users\flaviane.c.siqueira\.m2\repository\com\jhlabs\filters\2.0.235\filters-2.0.235.jar;C:\Users\flaviane.c.siqueira\.m2\repository\org\asciidoctor\asciidoctorj\1.5.6\asciidoctorj-1.5.6.jar;C:\Users\flaviane.c.siqueira\.m2\repository\org\jruby\jruby-complete\1.7.26\jruby-complete-1.7.26.jar;C:\Users\flaviane.c.siqueira\.m2\repository\org\imgscalr\imgscalr-lib\4.2\imgscalr-lib-4.2.jar;C:\Users\flaviane.c.siqueira\.m2\repository\javax\el\javax.el-api\2.2.4\javax.el-api-2.2.4.jar;C:\Users\flaviane.c.siqueira\.m2\repository\org\glassfish\web\javax.el\2.2.4\javax.el-2.2.4.jar;C:\Users\flaviane.c.siqueira\.m2\repository\xalan\xalan\2.7.2\xalan-2.7.2.jar;C:\Users\flaviane.c.siqueira\.m2\repository\xalan\serializer\2.7.2\serializer-2.7.2.jar;C:\Users\flaviane.c.siqueira\.m2\repository\org\awaitility\awaitility\4.0.1\awaitility-4.0.1.jar;C:\Users\flaviane.c.siqueira\.m2\repository\org\hamcrest\hamcrest\2.1\hamcrest-2.1.jar;C:\Users\flaviane.c.siqueira\.m2\repository\com\typesafe\config\1.3.1\config-1.3.1.jar;C:\Users\flaviane.c.siqueira\.m2\repository\org\jsoup\jsoup\1.10.3\jsoup-1.10.3.jar;C:\Users\flaviane.c.siqueira\.m2\repository\com\google\jimfs\jimfs\1.1\jimfs-1.1.jar;C:\Users\flaviane.c.siqueira\.m2\repository\com\vladsch\flexmark\flexmark-all\0.34.30\flexmark-all-0.34.30.jar;C:\Users\flaviane.c.siqueira\.m2\repository\com\vladsch\flexmark\flexmark\0.34.30\flexmark-0.34.30.jar;C:\Users\flaviane.c.siqueira\.m2\repository\com\vladsch\flexmark\flexmark-ext-abbreviation\0.34.30\flexmark-ext-abbreviation-0.34.30.jar;C:\Users\flaviane.c.siqueira\.m2\repository\com\vladsch\flexmark\flexmark-ext-admonition\0.34.30\flexmark-ext-admonition-0.34.30.jar;C:\Users\flaviane.c.siqueira\.m2\repository\com\vladsch\flexmark\flexmark-ext-anchorlink\0.34.30\flexmark-ext-anchorlink-0.34.30.jar;C:\Users\flaviane.c.siqueira\.m2\repository\com\vladsch\flexmark\flexmark-ext-aside\0.34.30\flexmark-ext-aside-0.34.30.jar;C:\Users\flaviane.c.siqueira\.m2\repository\com\vladsch\flexmark\flexmark-ext-attributes\0.34.30\flexmark-ext-attributes-0.34.30.jar;C:\Users\flaviane.c.siqueira\.m2\repository\com\vladsch\flexmark\flexmark-ext-autolink\0.34.30\flexmark-ext-autolink-0.34.30.jar;C:\Users\flaviane.c.siqueira\.m2\repository\org\nibor\autolink\autolink\0.6.0\autolink-0.6.0.jar;C:\Users\flaviane.c.siqueira\.m2\repository\com\vladsch\flexmark\flexmark-ext-definition\0.34.30\flexmark-ext-definition-0.34.30.jar;C:\Users\flaviane.c.siqueira\.m2\repository\com\vladsch\flexmark\flexmark-ext-emoji\0.34.30\flexmark-ext-emoji-0.34.30.jar;C:\Users\flaviane.c.siqueira\.m2\repository\com\vladsch\flexmark\flexmark-ext-enumerated-reference\0.34.30\flexmark-ext-enumerated-reference-0.34.30.jar;C:\Users\flaviane.c.siqueira\.m2\repository\com\vladsch\flexmark\flexmark-ext-escaped-character\0.34.30\flexmark-ext-escaped-character-0.34.30.jar;C:\Users\flaviane.c.siqueira\.m2\repository\com\vladsch\flexmark\flexmark-ext-footnotes\0.34.30\flexmark-ext-footnotes-0.34.30.jar;C:\Users\flaviane.c.siqueira\.m2\repository\com\vladsch\flexmark\flexmark-ext-gfm-issues\0.34.30\flexmark-ext-gfm-issues-0.34.30.jar;C:\Users\flaviane.c.siqueira\.m2\repository\com\vladsch\flexmark\flexmark-ext-gfm-strikethrough\0.34.30\flexmark-ext-gfm-strikethrough-0.34.30.jar;C:\Users\flaviane.c.siqueira\.m2\repository\com\vladsch\flexmark\flexmark-ext-gfm-tables\0.34.30\flexmark-ext-gfm-tables-0.34.30.jar;C:\Users\flaviane.c.siqueira\.m2\repository\com\vladsch\flexmark\flexmark-ext-gfm-tasklist\0.34.30\flexmark-ext-gfm-tasklist-0.34.30.jar;C:\Users\flaviane.c.siqueira\.m2\repository\com\vladsch\flexmark\flexmark-ext-gfm-users\0.34.30\flexmark-ext-gfm-users-0.34.30.jar;C:\Users\flaviane.c.siqueira\.m2\repository\com\vladsch\flexmark\flexmark-ext-gitlab\0.34.30\flexmark-ext-gitlab-0.34.30.jar;C:\Users\flaviane.c.siqueira\.m2\repository\com\vladsch\flexmark\flexmark-ext-jekyll-front-matter\0.34.30\flexmark-ext-jekyll-front-matter-0.34.30.jar;C:\Users\flaviane.c.siqueira\.m2\repository\com\vladsch\flexmark\flexmark-ext-jekyll-tag\0.34.30\flexmark-ext-jekyll-tag-0.34.30.jar;C:\Users\flaviane.c.siqueira\.m2\repository\com\vladsch\flexmark\flexmark-ext-media-tags\0.34.30\flexmark-ext-media-tags-0.34.30.jar;C:\Users\flaviane.c.siqueira\.m2\repository\com\vladsch\flexmark\flexmark-test-util\0.34.30\flexmark-test-util-0.34.30.jar;C:\Users\flaviane.c.siqueira\.m2\repository\com\vladsch\flexmark\flexmark-ext-ins\0.34.30\flexmark-ext-ins-0.34.30.jar;C:\Users\flaviane.c.siqueira\.m2\repository\com\vladsch\flexmark\flexmark-ext-xwiki-macros\0.34.30\flexmark-ext-xwiki-macros-0.34.30.jar;C:\Users\flaviane.c.siqueira\.m2\repository\com\vladsch\flexmark\flexmark-ext-superscript\0.34.30\flexmark-ext-superscript-0.34.30.jar;C:\Users\flaviane.c.siqueira\.m2\repository\com\vladsch\flexmark\flexmark-ext-tables\0.34.30\flexmark-ext-tables-0.34.30.jar;C:\Users\flaviane.c.siqueira\.m2\repository\com\vladsch\flexmark\flexmark-ext-toc\0.34.30\flexmark-ext-toc-0.34.30.jar;C:\Users\flaviane.c.siqueira\.m2\repository\com\vladsch\flexmark\flexmark-ext-typographic\0.34.30\flexmark-ext-typographic-0.34.30.jar;C:\Users\flaviane.c.siqueira\.m2\repository\com\vladsch\flexmark\flexmark-ext-wikilink\0.34.30\flexmark-ext-wikilink-0.34.30.jar;C:\Users\flaviane.c.siqueira\.m2\repository\com\vladsch\flexmark\flexmark-ext-yaml-front-matter\0.34.30\flexmark-ext-yaml-front-matter-0.34.30.jar;C:\Users\flaviane.c.siqueira\.m2\repository\com\vladsch\flexmark\flexmark-ext-youtube-embedded\0.34.30\flexmark-ext-youtube-embedded-0.34.30.jar;C:\Users\flaviane.c.siqueira\.m2\repository\com\vladsch\flexmark\flexmark-formatter\0.34.30\flexmark-formatter-0.34.30.jar;C:\Users\flaviane.c.siqueira\.m2\repository\com\vladsch\flexmark\flexmark-html-parser\0.34.30\flexmark-html-parser-0.34.30.jar;C:\Users\flaviane.c.siqueira\.m2\repository\com\vladsch\flexmark\flexmark-jira-converter\0.34.30\flexmark-jira-converter-0.34.30.jar;C:\Users\flaviane.c.siqueira\.m2\repository\com\vladsch\flexmark\flexmark-pdf-converter\0.34.30\flexmark-pdf-converter-0.34.30.jar;C:\Users\flaviane.c.siqueira\.m2\repository\com\openhtmltopdf\openhtmltopdf-core\0.0.1-RC13\openhtmltopdf-core-0.0.1-RC13.jar;C:\Users\flaviane.c.siqueira\.m2\repository\com\openhtmltopdf\openhtmltopdf-pdfbox\0.0.1-RC13\openhtmltopdf-pdfbox-0.0.1-RC13.jar;C:\Users\flaviane.c.siqueira\.m2\repository\org\apache\pdfbox\pdfbox\2.0.8\pdfbox-2.0.8.jar;C:\Users\flaviane.c.siqueira\.m2\repository\org\apache\pdfbox\fontbox\2.0.8\fontbox-2.0.8.jar;C:\Users\flaviane.c.siqueira\.m2\repository\org\apache\pdfbox\xmpbox\2.0.8\xmpbox-2.0.8.jar;C:\Users\flaviane.c.siqueira\.m2\repository\de\rototor\pdfbox\graphics2d\0.12\graphics2d-0.12.jar;C:\Users\flaviane.c.siqueira\.m2\repository\com\openhtmltopdf\openhtmltopdf-rtl-support\0.0.1-RC13\openhtmltopdf-rtl-support-0.0.1-RC13.jar;C:\Users\flaviane.c.siqueira\.m2\repository\com\ibm\icu\icu4j\59.1\icu4j-59.1.jar;C:\Users\flaviane.c.siqueira\.m2\repository\com\openhtmltopdf\openhtmltopdf-jsoup-dom-converter\0.0.1-RC13\openhtmltopdf-jsoup-dom-converter-0.0.1-RC13.jar;C:\Users\flaviane.c.siqueira\.m2\repository\com\vladsch\flexmark\flexmark-profile-pegdown\0.34.30\flexmark-profile-pegdown-0.34.30.jar;C:\Users\flaviane.c.siqueira\.m2\repository\com\vladsch\flexmark\flexmark-util\0.34.30\flexmark-util-0.34.30.jar;C:\Users\flaviane.c.siqueira\.m2\repository\com\vladsch\flexmark\flexmark-youtrack-converter\0.34.30\flexmark-youtrack-converter-0.34.30.jar;C:\Users\flaviane.c.siqueira\.m2\repository\io\cucumber\cucumber-java8\4.2.0\cucumber-java8-4.2.0.jar;C:\Users\flaviane.c.siqueira\.m2\repository\io\cucumber\cucumber-java\4.2.0\cucumber-java-4.2.0.jar;C:\Users\flaviane.c.siqueira\.m2\repository\net\jodah\typetools\0.5.0\typetools-0.5.0.jar;C:\Users\flaviane.c.siqueira\.m2\repository\io\cucumber\cucumber-junit\4.2.0\cucumber-junit-4.2.0.jar;C:\Users\flaviane.c.siqueira\.m2\repository\io\cucumber\cucumber-core\4.2.0\cucumber-core-4.2.0.jar;C:\Users\flaviane.c.siqueira\.m2\repository\io\cucumber\cucumber-html\0.2.7\cucumber-html-0.2.7.jar;C:\Users\flaviane.c.siqueira\.m2\repository\io\cucumber\gherkin\5.1.0\gherkin-5.1.0.jar;C:\Users\flaviane.c.siqueira\.m2\repository\io\cucumber\tag-expressions\1.1.1\tag-expressions-1.1.1.jar;C:\Users\flaviane.c.siqueira\.m2\repository\io\cucumber\cucumber-expressions\6.2.0\cucumber-expressions-6.2.0.jar;C:\Users\flaviane.c.siqueira\.m2\repository\io\cucumber\datatable\1.1.7\datatable-1.1.7.jar;C:\Users\flaviane.c.siqueira\.m2\repository\io\cucumber\datatable-dependencies\1.1.7\datatable-dependencies-1.1.7.jar;C:\Users\flaviane.c.siqueira\.m2\repository\junit\junit\4.12\junit-4.12.jar;C:\Users\flaviane.c.siqueira\.m2\repository\org\assertj\assertj-core\3.6.2\assertj-core-3.6.2.jar;C:\Users\flaviane.c.siqueira\.m2\repository\org\hamcrest\hamcrest-all\1.3\hamcrest-all-1.3.jar;C:\Users\flaviane.c.siqueira\.m2\repository\net\serenity-bdd\serenity-junit\2.0.88\serenity-junit-2.0.88.jar;C:\Users\flaviane.c.siqueira\.m2\repository\net\serenity-bdd\serenity-screenplay\2.0.88\serenity-screenplay-2.0.88.jar;C:\Users\flaviane.c.siqueira\.m2\repository\net\serenity-bdd\serenity-screenplay-webdriver\2.0.88\serenity-screenplay-webdriver-2.0.88.jar;C:\Users\flaviane.c.siqueira\.m2\repository\net\serenity-bdd\serenity-cucumber4\1.0.21\serenity-cucumber4-1.0.21.jar;C:\Users\flaviane.c.siqueira\.m2\repository\io\cucumber\datatable-matchers\1.1.7\datatable-matchers-1.1.7.jar;C:\Users\flaviane.c.siqueira\.m2\repository\org\apache\commons\commons-csv\1.5\commons-csv-1.5.jar;C:\Users\flaviane.c.siqueira\.m2\repository\net\serenity-bdd\serenity-screenplay-rest\2.0.88\serenity-screenplay-rest-2.0.88.jar;C:\Users\flaviane.c.siqueira\.m2\repository\net\serenity-bdd\serenity-rest-assured\2.0.88\serenity-rest-assured-2.0.88.jar;C:\Users\flaviane.c.siqueira\.m2\repository\io\rest-assured\rest-assured\3.3.0\rest-assured-3.3.0.jar;C:\Users\flaviane.c.siqueira\.m2\repository\org\ccil\cowan\tagsoup\tagsoup\1.2.1\tagsoup-1.2.1.jar;C:\Users\flaviane.c.siqueira\.m2\repository\io\rest-assured\json-path\3.3.0\json-path-3.3.0.jar;C:\Users\flaviane.c.siqueira\.m2\repository\io\rest-assured\rest-assured-common\3.3.0\rest-assured-common-3.3.0.jar;C:\Users\flaviane.c.siqueira\.m2\repository\io\rest-assured\xml-path\3.3.0\xml-path-3.3.0.jar;C:\Users\flaviane.c.siqueira\.m2\repository\com\sun\xml\bind\jaxb-osgi\2.2.10\jaxb-osgi-2.2.10.jar;C:\Users\flaviane.c.siqueira\.m2\repository\org\apache\sling\org.apache.sling.javax.activation\0.1.0\org.apache.sling.javax.activation-0.1.0.jar;C:\Users\flaviane.c.siqueira\.m2\repository\org\codehaus\groovy\groovy-xml\2.5.5\groovy-xml-2.5.5.jar;C:\Users\flaviane.c.siqueira\.m2\repository\org\codehaus\groovy\groovy-json\2.5.5\groovy-json-2.5.5.jar;C:\Users\flaviane.c.siqueira\.m2\repository\net\serenity-bdd\serenity-ensure\2.0.88\serenity-ensure-2.0.88.jar;C:\Users\flaviane.c.siqueira\.m2\repository\org\jetbrains\kotlin\kotlin-stdlib\1.3.31\kotlin-stdlib-1.3.31.jar;C:\Users\flaviane.c.siqueira\.m2\repository\org\jetbrains\kotlin\kotlin-stdlib-common\1.3.31\kotlin-stdlib-common-1.3.31.jar;C:\Users\flaviane.c.siqueira\.m2\repository\org\jetbrains\annotations\13.0\annotations-13.0.jar;C:\Users\flaviane.c.siqueira\.m2\repository\net\serenity-bdd\serenity-emailer\2.0.88\serenity-emailer-2.0.88.jar;C:\Users\flaviane.c.siqueira\.m2\repository\net\serenity-bdd\serenity-stats\2.0.88\serenity-stats-2.0.88.jar;C:\Users\flaviane.c.siqueira\.m2\repository\org\jetbrains\kotlin\kotlin-stdlib-jdk8\1.3.31\kotlin-stdlib-jdk8-1.3.31.jar;C:\Users\flaviane.c.siqueira\.m2\repository\org\jetbrains\kotlin\kotlin-stdlib-jdk7\1.3.31\kotlin-stdlib-jdk7-1.3.31.jar;C:\Users\flaviane.c.siqueira\.m2\repository\org\thymeleaf\thymeleaf\3.0.9.RELEASE\thymeleaf-3.0.9.RELEASE.jar;C:\Users\flaviane.c.siqueira\.m2\repository\ognl\ognl\3.1.12\ognl-3.1.12.jar;C:\Users\flaviane.c.siqueira\.m2\repository\org\javassist\javassist\3.20.0-GA\javassist-3.20.0-GA.jar;C:\Users\flaviane.c.siqueira\.m2\repository\org\attoparser\attoparser\2.0.4.RELEASE\attoparser-2.0.4.RELEASE.jar;C:\Users\flaviane.c.siqueira\.m2\repository\org\unbescape\unbescape\1.1.5.RELEASE\unbescape-1.1.5.RELEASE.jar;C:\Users\flaviane.c.siqueira\.m2\repository\org\knowm\xchart\xchart\3.5.2\xchart-3.5.2.jar;C:\Users\flaviane.c.siqueira\.m2\repository\de\erichseifert\vectorgraphics2d\VectorGraphics2D\0.13\VectorGraphics2D-0.13.jar;C:\Users\flaviane.c.siqueira\.m2\repository\org\thymeleaf\extras\thymeleaf-extras-java8time\3.0.1.RELEASE\thymeleaf-extras-java8time-3.0.1.RELEASE.jar;C:\Users\flaviane.c.siqueira\.m2\repository\com\jcabi\jcabi-ssh\1.6.1\jcabi-ssh-1.6.1.jar;C:\Users\flaviane.c.siqueira\.m2\repository\com\jcabi\jcabi-aspects\0.22.5\jcabi-aspects-0.22.5.jar;C:\Users\flaviane.c.siqueira\.m2\repository\org\aspectj\aspectjrt\1.8.7\aspectjrt-1.8.7.jar;C:\Users\flaviane.c.siqueira\.m2\repository\javax\validation\validation-api\1.1.0.Final\validation-api-1.1.0.Final.jar;C:\Users\flaviane.c.siqueira\.m2\repository\com\jcabi\jcabi-log\0.17.2\jcabi-log-0.17.2.jar;C:\Users\flaviane.c.siqueira\.m2\repository\org\cactoos\cactoos\0.16\cactoos-0.16.jar;C:\Users\flaviane.c.siqueira\.m2\repository\com\jcraft\jsch\0.1.54\jsch-0.1.54.jar;C:\Users\flaviane.c.siqueira\.m2\repository\org\projectlombok\lombok\1.18.10\lombok-1.18.10.jar;C:\Users\flaviane.c.siqueira\.m2\repository\ch\ethz\ganymed\ganymed-ssh2\build210\ganymed-ssh2-build210.jar;C:\Users\flaviane.c.siqueira\.m2\repository\org\example\AutomationQA_Serenity\1.0-SNAPSHOT\AutomationQA_Serenity-1.0-SNAPSHOT.jar;C:\Users\flaviane.c.siqueira\.m2\repository\org\seleniumhq\selenium\selenium-java\3.141.59\selenium-java-3.141.59.jar;C:\Users\flaviane.c.siqueira\.m2\repository\org\seleniumhq\selenium\selenium-firefox-driver\3.141.59\selenium-firefox-driver-3.141.59.jar;C:\Users\flaviane.c.siqueira\.m2\repository\org\seleniumhq\selenium\selenium-ie-driver\3.141.59\selenium-ie-driver-3.141.59.jar;C:\Users\flaviane.c.siqueira\.m2\repository\org\apache\commons\commons-exec\1.3\commons-exec-1.3.jar;C:\Users\flaviane.c.siqueira\.m2\repository\com\squareup\okhttp3\okhttp\3.11.0\okhttp-3.11.0.jar;C:\Users\flaviane.c.siqueira\.m2\repository\com\squareup\okio\okio\1.14.0\okio-1.14.0.jar;"/>
    <property name="java.vm.vendor" value="JetBrains s.r.o."/>
    <property name="sun.arch.data.model" value="64"/>
    <property name="user.variant" value=""/>
    <property name="java.vendor.url" value="https://openjdk.java.net/"/>
    <property name="user.timezone" value="America/Cayenne"/>
    <property name="java.vm.specification.version" value="11"/>
    <property name="os.name" value="Windows 10"/>
    <property name="sun.java.launcher" value="SUN_STANDARD"/>
    <property name="user.country" value="BR"/>
    <property name="sun.boot.library.path" value="C:\Program Files\JetBrains\IntelliJ IDEA Community Edition 2019.3.3\jbr\bin"/>
    <property name="sun.java.command" value="C:\Users\FLAVIA~1.SIQ\AppData\Local\Temp\surefire11448739474722036889\surefirebooter11516341124840658992.jar C:\Users\flaviane.c.siqueira\AppData\Local\Temp\surefire11448739474722036889 2020-10-29T12-34-51_590-jvmRun1 surefire6165127408350581039tmp surefire_014270585527409253314tmp"/>
    <property name="jdk.debug" value="release"/>
    <property name="surefire.test.class.path" value="C:\Users\flaviane.c.siqueira\Documents\intelliJ\ChallengeStefanini\target\test-classes;C:\Users\flaviane.c.siqueira\Documents\intelliJ\ChallengeStefanini\target\ChallengeStefanini-1.0-SNAPSHOT.jar;C:\Users\flaviane.c.siqueira\.m2\repository\ch\qos\logback\logback-classic\1.0.13\logback-classic-1.0.13.jar;C:\Users\flaviane.c.siqueira\.m2\repository\ch\qos\logback\logback-core\1.0.13\logback-core-1.0.13.jar;C:\Users\flaviane.c.siqueira\.m2\repository\org\slf4j\slf4j-api\1.7.5\slf4j-api-1.7.5.jar;C:\Users\flaviane.c.siqueira\.m2\repository\net\serenity-bdd\serenity-core\2.0.88\serenity-core-2.0.88.jar;C:\Users\flaviane.c.siqueira\.m2\repository\net\bytebuddy\byte-buddy\1.10.1\byte-buddy-1.10.1.jar;C:\Users\flaviane.c.siqueira\.m2\repository\net\bytebuddy\byte-buddy-agent\1.10.1\byte-buddy-agent-1.10.1.jar;C:\Users\flaviane.c.siqueira\.m2\repository\com\google\guava\guava\25.0-jre\guava-25.0-jre.jar;C:\Users\flaviane.c.siqueira\.m2\repository\com\google\code\findbugs\jsr305\1.3.9\jsr305-1.3.9.jar;C:\Users\flaviane.c.siqueira\.m2\repository\org\checkerframework\checker-compat-qual\2.0.0\checker-compat-qual-2.0.0.jar;C:\Users\flaviane.c.siqueira\.m2\repository\com\google\errorprone\error_prone_annotations\2.1.3\error_prone_annotations-2.1.3.jar;C:\Users\flaviane.c.siqueira\.m2\repository\com\google\j2objc\j2objc-annotations\1.1\j2objc-annotations-1.1.jar;C:\Users\flaviane.c.siqueira\.m2\repository\org\codehaus\mojo\animal-sniffer-annotations\1.14\animal-sniffer-annotations-1.14.jar;C:\Users\flaviane.c.siqueira\.m2\repository\com\google\inject\guice\4.2.2\guice-4.2.2.jar;C:\Users\flaviane.c.siqueira\.m2\repository\javax\inject\javax.inject\1\javax.inject-1.jar;C:\Users\flaviane.c.siqueira\.m2\repository\aopalliance\aopalliance\1.0\aopalliance-1.0.jar;C:\Users\flaviane.c.siqueira\.m2\repository\org\ow2\asm\asm\7.2\asm-7.2.jar;C:\Users\flaviane.c.siqueira\.m2\repository\commons-codec\commons-codec\1.10\commons-codec-1.10.jar;C:\Users\flaviane.c.siqueira\.m2\repository\org\objenesis\objenesis\3.0.1\objenesis-3.0.1.jar;C:\Users\flaviane.c.siqueira\.m2\repository\xml-apis\xml-apis\1.4.01\xml-apis-1.4.01.jar;C:\Users\flaviane.c.siqueira\.m2\repository\commons-logging\commons-logging\1.2\commons-logging-1.2.jar;C:\Users\flaviane.c.siqueira\.m2\repository\io\vavr\vavr\0.9.0\vavr-0.9.0.jar;C:\Users\flaviane.c.siqueira\.m2\repository\io\vavr\vavr-match\0.9.0\vavr-match-0.9.0.jar;C:\Users\flaviane.c.siqueira\.m2\repository\javax\xml\bind\jaxb-api\2.2.12\jaxb-api-2.2.12.jar;C:\Users\flaviane.c.siqueira\.m2\repository\com\sun\xml\bind\jaxb-core\2.3.0.1\jaxb-core-2.3.0.1.jar;C:\Users\flaviane.c.siqueira\.m2\repository\com\sun\xml\bind\jaxb-impl\2.3.0.1\jaxb-impl-2.3.0.1.jar;C:\Users\flaviane.c.siqueira\.m2\repository\javax\activation\activation\1.1.1\activation-1.1.1.jar;C:\Users\flaviane.c.siqueira\.m2\repository\org\mockito\mockito-core\3.1.0\mockito-core-3.1.0.jar;C:\Users\flaviane.c.siqueira\.m2\repository\net\serenity-bdd\serenity-report-resources\2.0.88\serenity-report-resources-2.0.88.jar;C:\Users\flaviane.c.siqueira\.m2\repository\net\serenity-bdd\serenity-model\2.0.88\serenity-model-2.0.88.jar;C:\Users\flaviane.c.siqueira\.m2\repository\commons-net\commons-net\3.6\commons-net-3.6.jar;C:\Users\flaviane.c.siqueira\.m2\repository\org\apache\commons\commons-text\1.6\commons-text-1.6.jar;C:\Users\flaviane.c.siqueira\.m2\repository\es\nitaur\markdown\txtmark\0.16\txtmark-0.16.jar;C:\Users\flaviane.c.siqueira\.m2\repository\net\serenity-bdd\serenity-reports\2.0.88\serenity-reports-2.0.88.jar;C:\Users\flaviane.c.siqueira\.m2\repository\com\google\code\gson\gson\2.8.4\gson-2.8.4.jar;C:\Users\flaviane.c.siqueira\.m2\repository\commons-io\commons-io\2.6\commons-io-2.6.jar;C:\Users\flaviane.c.siqueira\.m2\repository\org\seleniumhq\selenium\selenium-server\3.141.59\selenium-server-3.141.59.jar;C:\Users\flaviane.c.siqueira\.m2\repository\com\beust\jcommander\1.72\jcommander-1.72.jar;C:\Users\flaviane.c.siqueira\.m2\repository\net\jcip\jcip-annotations\1.0\jcip-annotations-1.0.jar;C:\Users\flaviane.c.siqueira\.m2\repository\org\seleniumhq\selenium\jetty-repacked\9.4.12.v20180830\jetty-repacked-9.4.12.v20180830.jar;C:\Users\flaviane.c.siqueira\.m2\repository\javax\servlet\javax.servlet-api\3.1.0\javax.servlet-api-3.1.0.jar;C:\Users\flaviane.c.siqueira\.m2\repository\org\yaml\snakeyaml\1.19\snakeyaml-1.19.jar;C:\Users\flaviane.c.siqueira\.m2\repository\org\seleniumhq\selenium\selenium-api\3.141.59\selenium-api-3.141.59.jar;C:\Users\flaviane.c.siqueira\.m2\repository\org\seleniumhq\selenium\selenium-chrome-driver\3.141.59\selenium-chrome-driver-3.141.59.jar;C:\Users\flaviane.c.siqueira\.m2\repository\org\seleniumhq\selenium\selenium-edge-driver\3.141.59\selenium-edge-driver-3.141.59.jar;C:\Users\flaviane.c.siqueira\.m2\repository\org\seleniumhq\selenium\selenium-remote-driver\3.141.59\selenium-remote-driver-3.141.59.jar;C:\Users\flaviane.c.siqueira\.m2\repository\org\seleniumhq\selenium\selenium-safari-driver\3.141.59\selenium-safari-driver-3.141.59.jar;C:\Users\flaviane.c.siqueira\.m2\repository\org\seleniumhq\selenium\selenium-opera-driver\3.141.59\selenium-opera-driver-3.141.59.jar;C:\Users\flaviane.c.siqueira\.m2\repository\org\seleniumhq\selenium\selenium-support\3.141.59\selenium-support-3.141.59.jar;C:\Users\flaviane.c.siqueira\.m2\repository\com\paulhammant\ngwebdriver\1.1.4\ngwebdriver-1.1.4.jar;C:\Users\flaviane.c.siqueira\.m2\repository\com\codeborne\phantomjsdriver\1.4.4\phantomjsdriver-1.4.4.jar;C:\Users\flaviane.c.siqueira\.m2\repository\org\seleniumhq\selenium\htmlunit-driver\2.36.0\htmlunit-driver-2.36.0.jar;C:\Users\flaviane.c.siqueira\.m2\repository\io\appium\java-client\7.2.0\java-client-7.2.0.jar;C:\Users\flaviane.c.siqueira\.m2\repository\commons-validator\commons-validator\1.6\commons-validator-1.6.jar;C:\Users\flaviane.c.siqueira\.m2\repository\commons-beanutils\commons-beanutils\1.9.2\commons-beanutils-1.9.2.jar;C:\Users\flaviane.c.siqueira\.m2\repository\commons-digester\commons-digester\1.8.1\commons-digester-1.8.1.jar;C:\Users\flaviane.c.siqueira\.m2\repository\org\aspectj\aspectjweaver\1.9.4\aspectjweaver-1.9.4.jar;C:\Users\flaviane.c.siqueira\.m2\repository\org\springframework\spring-context-support\5.1.2.RELEASE\spring-context-support-5.1.2.RELEASE.jar;C:\Users\flaviane.c.siqueira\.m2\repository\org\springframework\spring-beans\5.1.2.RELEASE\spring-beans-5.1.2.RELEASE.jar;C:\Users\flaviane.c.siqueira\.m2\repository\org\springframework\spring-context\5.1.2.RELEASE\spring-context-5.1.2.RELEASE.jar;C:\Users\flaviane.c.siqueira\.m2\repository\org\springframework\spring-aop\5.1.2.RELEASE\spring-aop-5.1.2.RELEASE.jar;C:\Users\flaviane.c.siqueira\.m2\repository\org\springframework\spring-expression\5.1.2.RELEASE\spring-expression-5.1.2.RELEASE.jar;C:\Users\flaviane.c.siqueira\.m2\repository\org\springframework\spring-core\5.1.2.RELEASE\spring-core-5.1.2.RELEASE.jar;C:\Users\flaviane.c.siqueira\.m2\repository\org\springframework\spring-jcl\5.1.2.RELEASE\spring-jcl-5.1.2.RELEASE.jar;C:\Users\flaviane.c.siqueira\.m2\repository\org\codehaus\groovy\groovy\2.5.5\groovy-2.5.5.jar;C:\Users\flaviane.c.siqueira\.m2\repository\net\sf\opencsv\opencsv\2.0\opencsv-2.0.jar;C:\Users\flaviane.c.siqueira\.m2\repository\commons-beanutils\commons-beanutils-core\1.8.3\commons-beanutils-core-1.8.3.jar;C:\Users\flaviane.c.siqueira\.m2\repository\joda-time\joda-time\2.7\joda-time-2.7.jar;C:\Users\flaviane.c.siqueira\.m2\repository\com\thoughtworks\xstream\xstream\1.4.9\xstream-1.4.9.jar;C:\Users\flaviane.c.siqueira\.m2\repository\xmlpull\xmlpull\1.1.3.1\xmlpull-1.1.3.1.jar;C:\Users\flaviane.c.siqueira\.m2\repository\xpp3\xpp3_min\1.1.4c\xpp3_min-1.1.4c.jar;C:\Users\flaviane.c.siqueira\.m2\repository\org\apache\commons\commons-lang3\3.8.1\commons-lang3-3.8.1.jar;C:\Users\flaviane.c.siqueira\.m2\repository\commons-collections\commons-collections\3.2.2\commons-collections-3.2.2.jar;C:\Users\flaviane.c.siqueira\.m2\repository\org\freemarker\freemarker\2.3.28\freemarker-2.3.28.jar;C:\Users\flaviane.c.siqueira\.m2\repository\net\sourceforge\jexcelapi\jxl\2.6.12\jxl-2.6.12.jar;C:\Users\flaviane.c.siqueira\.m2\repository\org\hamcrest\hamcrest-core\1.3\hamcrest-core-1.3.jar;C:\Users\flaviane.c.siqueira\.m2\repository\org\hamcrest\hamcrest-library\1.3\hamcrest-library-1.3.jar;C:\Users\flaviane.c.siqueira\.m2\repository\net\sourceforge\htmlunit\htmlunit\2.36.0\htmlunit-2.36.0.jar;C:\Users\flaviane.c.siqueira\.m2\repository\net\sourceforge\htmlunit\htmlunit-core-js\2.36.0\htmlunit-core-js-2.36.0.jar;C:\Users\flaviane.c.siqueira\.m2\repository\net\sourceforge\htmlunit\neko-htmlunit\2.36.0\neko-htmlunit-2.36.0.jar;C:\Users\flaviane.c.siqueira\.m2\repository\xerces\xercesImpl\2.12.0\xercesImpl-2.12.0.jar;C:\Users\flaviane.c.siqueira\.m2\repository\net\sourceforge\htmlunit\htmlunit-cssparser\1.5.0\htmlunit-cssparser-1.5.0.jar;C:\Users\flaviane.c.siqueira\.m2\repository\org\brotli\dec\0.1.2\dec-0.1.2.jar;C:\Users\flaviane.c.siqueira\.m2\repository\org\eclipse\jetty\websocket\websocket-client\9.4.20.v20190813\websocket-client-9.4.20.v20190813.jar;C:\Users\flaviane.c.siqueira\.m2\repository\org\eclipse\jetty\jetty-client\9.4.20.v20190813\jetty-client-9.4.20.v20190813.jar;C:\Users\flaviane.c.siqueira\.m2\repository\org\eclipse\jetty\jetty-http\9.4.20.v20190813\jetty-http-9.4.20.v20190813.jar;C:\Users\flaviane.c.siqueira\.m2\repository\org\eclipse\jetty\jetty-xml\9.4.20.v20190813\jetty-xml-9.4.20.v20190813.jar;C:\Users\flaviane.c.siqueira\.m2\repository\org\eclipse\jetty\jetty-util\9.4.20.v20190813\jetty-util-9.4.20.v20190813.jar;C:\Users\flaviane.c.siqueira\.m2\repository\org\eclipse\jetty\jetty-io\9.4.20.v20190813\jetty-io-9.4.20.v20190813.jar;C:\Users\flaviane.c.siqueira\.m2\repository\org\eclipse\jetty\websocket\websocket-common\9.4.20.v20190813\websocket-common-9.4.20.v20190813.jar;C:\Users\flaviane.c.siqueira\.m2\repository\org\eclipse\jetty\websocket\websocket-api\9.4.20.v20190813\websocket-api-9.4.20.v20190813.jar;C:\Users\flaviane.c.siqueira\.m2\repository\org\apache\httpcomponents\httpclient\4.5.5\httpclient-4.5.5.jar;C:\Users\flaviane.c.siqueira\.m2\repository\org\apache\httpcomponents\httpcore\4.4.9\httpcore-4.4.9.jar;C:\Users\flaviane.c.siqueira\.m2\repository\org\apache\httpcomponents\httpmime\4.5.5\httpmime-4.5.5.jar;C:\Users\flaviane.c.siqueira\.m2\repository\org\fluentlenium\fluentlenium-core\0.10.2\fluentlenium-core-0.10.2.jar;C:\Users\flaviane.c.siqueira\.m2\repository\com\jhlabs\filters\2.0.235\filters-2.0.235.jar;C:\Users\flaviane.c.siqueira\.m2\repository\org\asciidoctor\asciidoctorj\1.5.6\asciidoctorj-1.5.6.jar;C:\Users\flaviane.c.siqueira\.m2\repository\org\jruby\jruby-complete\1.7.26\jruby-complete-1.7.26.jar;C:\Users\flaviane.c.siqueira\.m2\repository\org\imgscalr\imgscalr-lib\4.2\imgscalr-lib-4.2.jar;C:\Users\flaviane.c.siqueira\.m2\repository\javax\el\javax.el-api\2.2.4\javax.el-api-2.2.4.jar;C:\Users\flaviane.c.siqueira\.m2\repository\org\glassfish\web\javax.el\2.2.4\javax.el-2.2.4.jar;C:\Users\flaviane.c.siqueira\.m2\repository\xalan\xalan\2.7.2\xalan-2.7.2.jar;C:\Users\flaviane.c.siqueira\.m2\repository\xalan\serializer\2.7.2\serializer-2.7.2.jar;C:\Users\flaviane.c.siqueira\.m2\repository\org\awaitility\awaitility\4.0.1\awaitility-4.0.1.jar;C:\Users\flaviane.c.siqueira\.m2\repository\org\hamcrest\hamcrest\2.1\hamcrest-2.1.jar;C:\Users\flaviane.c.siqueira\.m2\repository\com\typesafe\config\1.3.1\config-1.3.1.jar;C:\Users\flaviane.c.siqueira\.m2\repository\org\jsoup\jsoup\1.10.3\jsoup-1.10.3.jar;C:\Users\flaviane.c.siqueira\.m2\repository\com\google\jimfs\jimfs\1.1\jimfs-1.1.jar;C:\Users\flaviane.c.siqueira\.m2\repository\com\vladsch\flexmark\flexmark-all\0.34.30\flexmark-all-0.34.30.jar;C:\Users\flaviane.c.siqueira\.m2\repository\com\vladsch\flexmark\flexmark\0.34.30\flexmark-0.34.30.jar;C:\Users\flaviane.c.siqueira\.m2\repository\com\vladsch\flexmark\flexmark-ext-abbreviation\0.34.30\flexmark-ext-abbreviation-0.34.30.jar;C:\Users\flaviane.c.siqueira\.m2\repository\com\vladsch\flexmark\flexmark-ext-admonition\0.34.30\flexmark-ext-admonition-0.34.30.jar;C:\Users\flaviane.c.siqueira\.m2\repository\com\vladsch\flexmark\flexmark-ext-anchorlink\0.34.30\flexmark-ext-anchorlink-0.34.30.jar;C:\Users\flaviane.c.siqueira\.m2\repository\com\vladsch\flexmark\flexmark-ext-aside\0.34.30\flexmark-ext-aside-0.34.30.jar;C:\Users\flaviane.c.siqueira\.m2\repository\com\vladsch\flexmark\flexmark-ext-attributes\0.34.30\flexmark-ext-attributes-0.34.30.jar;C:\Users\flaviane.c.siqueira\.m2\repository\com\vladsch\flexmark\flexmark-ext-autolink\0.34.30\flexmark-ext-autolink-0.34.30.jar;C:\Users\flaviane.c.siqueira\.m2\repository\org\nibor\autolink\autolink\0.6.0\autolink-0.6.0.jar;C:\Users\flaviane.c.siqueira\.m2\repository\com\vladsch\flexmark\flexmark-ext-definition\0.34.30\flexmark-ext-definition-0.34.30.jar;C:\Users\flaviane.c.siqueira\.m2\repository\com\vladsch\flexmark\flexmark-ext-emoji\0.34.30\flexmark-ext-emoji-0.34.30.jar;C:\Users\flaviane.c.siqueira\.m2\repository\com\vladsch\flexmark\flexmark-ext-enumerated-reference\0.34.30\flexmark-ext-enumerated-reference-0.34.30.jar;C:\Users\flaviane.c.siqueira\.m2\repository\com\vladsch\flexmark\flexmark-ext-escaped-character\0.34.30\flexmark-ext-escaped-character-0.34.30.jar;C:\Users\flaviane.c.siqueira\.m2\repository\com\vladsch\flexmark\flexmark-ext-footnotes\0.34.30\flexmark-ext-footnotes-0.34.30.jar;C:\Users\flaviane.c.siqueira\.m2\repository\com\vladsch\flexmark\flexmark-ext-gfm-issues\0.34.30\flexmark-ext-gfm-issues-0.34.30.jar;C:\Users\flaviane.c.siqueira\.m2\repository\com\vladsch\flexmark\flexmark-ext-gfm-strikethrough\0.34.30\flexmark-ext-gfm-strikethrough-0.34.30.jar;C:\Users\flaviane.c.siqueira\.m2\repository\com\vladsch\flexmark\flexmark-ext-gfm-tables\0.34.30\flexmark-ext-gfm-tables-0.34.30.jar;C:\Users\flaviane.c.siqueira\.m2\repository\com\vladsch\flexmark\flexmark-ext-gfm-tasklist\0.34.30\flexmark-ext-gfm-tasklist-0.34.30.jar;C:\Users\flaviane.c.siqueira\.m2\repository\com\vladsch\flexmark\flexmark-ext-gfm-users\0.34.30\flexmark-ext-gfm-users-0.34.30.jar;C:\Users\flaviane.c.siqueira\.m2\repository\com\vladsch\flexmark\flexmark-ext-gitlab\0.34.30\flexmark-ext-gitlab-0.34.30.jar;C:\Users\flaviane.c.siqueira\.m2\repository\com\vladsch\flexmark\flexmark-ext-jekyll-front-matter\0.34.30\flexmark-ext-jekyll-front-matter-0.34.30.jar;C:\Users\flaviane.c.siqueira\.m2\repository\com\vladsch\flexmark\flexmark-ext-jekyll-tag\0.34.30\flexmark-ext-jekyll-tag-0.34.30.jar;C:\Users\flaviane.c.siqueira\.m2\repository\com\vladsch\flexmark\flexmark-ext-media-tags\0.34.30\flexmark-ext-media-tags-0.34.30.jar;C:\Users\flaviane.c.siqueira\.m2\repository\com\vladsch\flexmark\flexmark-test-util\0.34.30\flexmark-test-util-0.34.30.jar;C:\Users\flaviane.c.siqueira\.m2\repository\com\vladsch\flexmark\flexmark-ext-ins\0.34.30\flexmark-ext-ins-0.34.30.jar;C:\Users\flaviane.c.siqueira\.m2\repository\com\vladsch\flexmark\flexmark-ext-xwiki-macros\0.34.30\flexmark-ext-xwiki-macros-0.34.30.jar;C:\Users\flaviane.c.siqueira\.m2\repository\com\vladsch\flexmark\flexmark-ext-superscript\0.34.30\flexmark-ext-superscript-0.34.30.jar;C:\Users\flaviane.c.siqueira\.m2\repository\com\vladsch\flexmark\flexmark-ext-tables\0.34.30\flexmark-ext-tables-0.34.30.jar;C:\Users\flaviane.c.siqueira\.m2\repository\com\vladsch\flexmark\flexmark-ext-toc\0.34.30\flexmark-ext-toc-0.34.30.jar;C:\Users\flaviane.c.siqueira\.m2\repository\com\vladsch\flexmark\flexmark-ext-typographic\0.34.30\flexmark-ext-typographic-0.34.30.jar;C:\Users\flaviane.c.siqueira\.m2\repository\com\vladsch\flexmark\flexmark-ext-wikilink\0.34.30\flexmark-ext-wikilink-0.34.30.jar;C:\Users\flaviane.c.siqueira\.m2\repository\com\vladsch\flexmark\flexmark-ext-yaml-front-matter\0.34.30\flexmark-ext-yaml-front-matter-0.34.30.jar;C:\Users\flaviane.c.siqueira\.m2\repository\com\vladsch\flexmark\flexmark-ext-youtube-embedded\0.34.30\flexmark-ext-youtube-embedded-0.34.30.jar;C:\Users\flaviane.c.siqueira\.m2\repository\com\vladsch\flexmark\flexmark-formatter\0.34.30\flexmark-formatter-0.34.30.jar;C:\Users\flaviane.c.siqueira\.m2\repository\com\vladsch\flexmark\flexmark-html-parser\0.34.30\flexmark-html-parser-0.34.30.jar;C:\Users\flaviane.c.siqueira\.m2\repository\com\vladsch\flexmark\flexmark-jira-converter\0.34.30\flexmark-jira-converter-0.34.30.jar;C:\Users\flaviane.c.siqueira\.m2\repository\com\vladsch\flexmark\flexmark-pdf-converter\0.34.30\flexmark-pdf-converter-0.34.30.jar;C:\Users\flaviane.c.siqueira\.m2\repository\com\openhtmltopdf\openhtmltopdf-core\0.0.1-RC13\openhtmltopdf-core-0.0.1-RC13.jar;C:\Users\flaviane.c.siqueira\.m2\repository\com\openhtmltopdf\openhtmltopdf-pdfbox\0.0.1-RC13\openhtmltopdf-pdfbox-0.0.1-RC13.jar;C:\Users\flaviane.c.siqueira\.m2\repository\org\apache\pdfbox\pdfbox\2.0.8\pdfbox-2.0.8.jar;C:\Users\flaviane.c.siqueira\.m2\repository\org\apache\pdfbox\fontbox\2.0.8\fontbox-2.0.8.jar;C:\Users\flaviane.c.siqueira\.m2\repository\org\apache\pdfbox\xmpbox\2.0.8\xmpbox-2.0.8.jar;C:\Users\flaviane.c.siqueira\.m2\repository\de\rototor\pdfbox\graphics2d\0.12\graphics2d-0.12.jar;C:\Users\flaviane.c.siqueira\.m2\repository\com\openhtmltopdf\openhtmltopdf-rtl-support\0.0.1-RC13\openhtmltopdf-rtl-support-0.0.1-RC13.jar;C:\Users\flaviane.c.siqueira\.m2\repository\com\ibm\icu\icu4j\59.1\icu4j-59.1.jar;C:\Users\flaviane.c.siqueira\.m2\repository\com\openhtmltopdf\openhtmltopdf-jsoup-dom-converter\0.0.1-RC13\openhtmltopdf-jsoup-dom-converter-0.0.1-RC13.jar;C:\Users\flaviane.c.siqueira\.m2\repository\com\vladsch\flexmark\flexmark-profile-pegdown\0.34.30\flexmark-profile-pegdown-0.34.30.jar;C:\Users\flaviane.c.siqueira\.m2\repository\com\vladsch\flexmark\flexmark-util\0.34.30\flexmark-util-0.34.30.jar;C:\Users\flaviane.c.siqueira\.m2\repository\com\vladsch\flexmark\flexmark-youtrack-converter\0.34.30\flexmark-youtrack-converter-0.34.30.jar;C:\Users\flaviane.c.siqueira\.m2\repository\io\cucumber\cucumber-java8\4.2.0\cucumber-java8-4.2.0.jar;C:\Users\flaviane.c.siqueira\.m2\repository\io\cucumber\cucumber-java\4.2.0\cucumber-java-4.2.0.jar;C:\Users\flaviane.c.siqueira\.m2\repository\net\jodah\typetools\0.5.0\typetools-0.5.0.jar;C:\Users\flaviane.c.siqueira\.m2\repository\io\cucumber\cucumber-junit\4.2.0\cucumber-junit-4.2.0.jar;C:\Users\flaviane.c.siqueira\.m2\repository\io\cucumber\cucumber-core\4.2.0\cucumber-core-4.2.0.jar;C:\Users\flaviane.c.siqueira\.m2\repository\io\cucumber\cucumber-html\0.2.7\cucumber-html-0.2.7.jar;C:\Users\flaviane.c.siqueira\.m2\repository\io\cucumber\gherkin\5.1.0\gherkin-5.1.0.jar;C:\Users\flaviane.c.siqueira\.m2\repository\io\cucumber\tag-expressions\1.1.1\tag-expressions-1.1.1.jar;C:\Users\flaviane.c.siqueira\.m2\repository\io\cucumber\cucumber-expressions\6.2.0\cucumber-expressions-6.2.0.jar;C:\Users\flaviane.c.siqueira\.m2\repository\io\cucumber\datatable\1.1.7\datatable-1.1.7.jar;C:\Users\flaviane.c.siqueira\.m2\repository\io\cucumber\datatable-dependencies\1.1.7\datatable-dependencies-1.1.7.jar;C:\Users\flaviane.c.siqueira\.m2\repository\junit\junit\4.12\junit-4.12.jar;C:\Users\flaviane.c.siqueira\.m2\repository\org\assertj\assertj-core\3.6.2\assertj-core-3.6.2.jar;C:\Users\flaviane.c.siqueira\.m2\repository\org\hamcrest\hamcrest-all\1.3\hamcrest-all-1.3.jar;C:\Users\flaviane.c.siqueira\.m2\repository\net\serenity-bdd\serenity-junit\2.0.88\serenity-junit-2.0.88.jar;C:\Users\flaviane.c.siqueira\.m2\repository\net\serenity-bdd\serenity-screenplay\2.0.88\serenity-screenplay-2.0.88.jar;C:\Users\flaviane.c.siqueira\.m2\repository\net\serenity-bdd\serenity-screenplay-webdriver\2.0.88\serenity-screenplay-webdriver-2.0.88.jar;C:\Users\flaviane.c.siqueira\.m2\repository\net\serenity-bdd\serenity-cucumber4\1.0.21\serenity-cucumber4-1.0.21.jar;C:\Users\flaviane.c.siqueira\.m2\repository\io\cucumber\datatable-matchers\1.1.7\datatable-matchers-1.1.7.jar;C:\Users\flaviane.c.siqueira\.m2\repository\org\apache\commons\commons-csv\1.5\commons-csv-1.5.jar;C:\Users\flaviane.c.siqueira\.m2\repository\net\serenity-bdd\serenity-screenplay-rest\2.0.88\serenity-screenplay-rest-2.0.88.jar;C:\Users\flaviane.c.siqueira\.m2\repository\net\serenity-bdd\serenity-rest-assured\2.0.88\serenity-rest-assured-2.0.88.jar;C:\Users\flaviane.c.siqueira\.m2\repository\io\rest-assured\rest-assured\3.3.0\rest-assured-3.3.0.jar;C:\Users\flaviane.c.siqueira\.m2\repository\org\ccil\cowan\tagsoup\tagsoup\1.2.1\tagsoup-1.2.1.jar;C:\Users\flaviane.c.siqueira\.m2\repository\io\rest-assured\json-path\3.3.0\json-path-3.3.0.jar;C:\Users\flaviane.c.siqueira\.m2\repository\io\rest-assured\rest-assured-common\3.3.0\rest-assured-common-3.3.0.jar;C:\Users\flaviane.c.siqueira\.m2\repository\io\rest-assured\xml-path\3.3.0\xml-path-3.3.0.jar;C:\Users\flaviane.c.siqueira\.m2\repository\com\sun\xml\bind\jaxb-osgi\2.2.10\jaxb-osgi-2.2.10.jar;C:\Users\flaviane.c.siqueira\.m2\repository\org\apache\sling\org.apache.sling.javax.activation\0.1.0\org.apache.sling.javax.activation-0.1.0.jar;C:\Users\flaviane.c.siqueira\.m2\repository\org\codehaus\groovy\groovy-xml\2.5.5\groovy-xml-2.5.5.jar;C:\Users\flaviane.c.siqueira\.m2\repository\org\codehaus\groovy\groovy-json\2.5.5\groovy-json-2.5.5.jar;C:\Users\flaviane.c.siqueira\.m2\repository\net\serenity-bdd\serenity-ensure\2.0.88\serenity-ensure-2.0.88.jar;C:\Users\flaviane.c.siqueira\.m2\repository\org\jetbrains\kotlin\kotlin-stdlib\1.3.31\kotlin-stdlib-1.3.31.jar;C:\Users\flaviane.c.siqueira\.m2\repository\org\jetbrains\kotlin\kotlin-stdlib-common\1.3.31\kotlin-stdlib-common-1.3.31.jar;C:\Users\flaviane.c.siqueira\.m2\repository\org\jetbrains\annotations\13.0\annotations-13.0.jar;C:\Users\flaviane.c.siqueira\.m2\repository\net\serenity-bdd\serenity-emailer\2.0.88\serenity-emailer-2.0.88.jar;C:\Users\flaviane.c.siqueira\.m2\repository\net\serenity-bdd\serenity-stats\2.0.88\serenity-stats-2.0.88.jar;C:\Users\flaviane.c.siqueira\.m2\repository\org\jetbrains\kotlin\kotlin-stdlib-jdk8\1.3.31\kotlin-stdlib-jdk8-1.3.31.jar;C:\Users\flaviane.c.siqueira\.m2\repository\org\jetbrains\kotlin\kotlin-stdlib-jdk7\1.3.31\kotlin-stdlib-jdk7-1.3.31.jar;C:\Users\flaviane.c.siqueira\.m2\repository\org\thymeleaf\thymeleaf\3.0.9.RELEASE\thymeleaf-3.0.9.RELEASE.jar;C:\Users\flaviane.c.siqueira\.m2\repository\ognl\ognl\3.1.12\ognl-3.1.12.jar;C:\Users\flaviane.c.siqueira\.m2\repository\org\javassist\javassist\3.20.0-GA\javassist-3.20.0-GA.jar;C:\Users\flaviane.c.siqueira\.m2\repository\org\attoparser\attoparser\2.0.4.RELEASE\attoparser-2.0.4.RELEASE.jar;C:\Users\flaviane.c.siqueira\.m2\repository\org\unbescape\unbescape\1.1.5.RELEASE\unbescape-1.1.5.RELEASE.jar;C:\Users\flaviane.c.siqueira\.m2\repository\org\knowm\xchart\xchart\3.5.2\xchart-3.5.2.jar;C:\Users\flaviane.c.siqueira\.m2\repository\de\erichseifert\vectorgraphics2d\VectorGraphics2D\0.13\VectorGraphics2D-0.13.jar;C:\Users\flaviane.c.siqueira\.m2\repository\org\thymeleaf\extras\thymeleaf-extras-java8time\3.0.1.RELEASE\thymeleaf-extras-java8time-3.0.1.RELEASE.jar;C:\Users\flaviane.c.siqueira\.m2\repository\com\jcabi\jcabi-ssh\1.6.1\jcabi-ssh-1.6.1.jar;C:\Users\flaviane.c.siqueira\.m2\repository\com\jcabi\jcabi-aspects\0.22.5\jcabi-aspects-0.22.5.jar;C:\Users\flaviane.c.siqueira\.m2\repository\org\aspectj\aspectjrt\1.8.7\aspectjrt-1.8.7.jar;C:\Users\flaviane.c.siqueira\.m2\repository\javax\validation\validation-api\1.1.0.Final\validation-api-1.1.0.Final.jar;C:\Users\flaviane.c.siqueira\.m2\repository\com\jcabi\jcabi-log\0.17.2\jcabi-log-0.17.2.jar;C:\Users\flaviane.c.siqueira\.m2\repository\org\cactoos\cactoos\0.16\cactoos-0.16.jar;C:\Users\flaviane.c.siqueira\.m2\repository\com\jcraft\jsch\0.1.54\jsch-0.1.54.jar;C:\Users\flaviane.c.siqueira\.m2\repository\org\projectlombok\lombok\1.18.10\lombok-1.18.10.jar;C:\Users\flaviane.c.siqueira\.m2\repository\ch\ethz\ganymed\ganymed-ssh2\build210\ganymed-ssh2-build210.jar;C:\Users\flaviane.c.siqueira\.m2\repository\org\example\AutomationQA_Serenity\1.0-SNAPSHOT\AutomationQA_Serenity-1.0-SNAPSHOT.jar;C:\Users\flaviane.c.siqueira\.m2\repository\org\seleniumhq\selenium\selenium-java\3.141.59\selenium-java-3.141.59.jar;C:\Users\flaviane.c.siqueira\.m2\repository\org\seleniumhq\selenium\selenium-firefox-driver\3.141.59\selenium-firefox-driver-3.141.59.jar;C:\Users\flaviane.c.siqueira\.m2\repository\org\seleniumhq\selenium\selenium-ie-driver\3.141.59\selenium-ie-driver-3.141.59.jar;C:\Users\flaviane.c.siqueira\.m2\repository\org\apache\commons\commons-exec\1.3\commons-exec-1.3.jar;C:\Users\flaviane.c.siqueira\.m2\repository\com\squareup\okhttp3\okhttp\3.11.0\okhttp-3.11.0.jar;C:\Users\flaviane.c.siqueira\.m2\repository\com\squareup\okio\okio\1.14.0\okio-1.14.0.jar;"/>
    <property name="sun.cpu.endian" value="little"/>
    <property name="user.home" value="C:\Users\flaviane.c.siqueira"/>
    <property name="user.language" value="pt"/>
    <property name="java.specification.vendor" value="Oracle Corporation"/>
    <property name="java.version.date" value="2020-07-14"/>
    <property name="java.home" value="C:\Program Files\JetBrains\IntelliJ IDEA Community Edition 2019.3.3\jbr"/>
    <property name="file.separator" value="\"/>
    <property name="basedir" value="C:\Users\flaviane.c.siqueira\Documents\intelliJ\ChallengeStefanini"/>
    <property name="java.vm.compressedOopsMode" value="Zero based"/>
    <property name="line.separator" value="&#10;"/>
    <property name="java.specification.name" value="Java Platform API Specification"/>
    <property name="java.vm.specification.vendor" value="Oracle Corporation"/>
    <property name="java.awt.graphicsenv" value="sun.awt.Win32GraphicsEnvironment"/>
    <property name="surefire.real.class.path" value="C:\Users\FLAVIA~1.SIQ\AppData\Local\Temp\surefire11448739474722036889\surefirebooter11516341124840658992.jar"/>
    <property name="user.script" value=""/>
    <property name="sun.management.compiler" value="HotSpot 64-Bit Tiered Compilers"/>
    <property name="java.runtime.version" value="11.0.8+10-b944.34"/>
    <property name="user.name" value="flaviane.c.siqueira"/>
    <property name="path.separator" value=";"/>
    <property name="os.version" value="10.0"/>
    <property name="java.runtime.name" value="OpenJDK Runtime Environment"/>
    <property name="file.encoding" value="Cp1252"/>
    <property name="java.vm.name" value="OpenJDK 64-Bit Server VM"/>
    <property name="java.vendor.version" value="JBR-11.0.8.10-944.34-jcef"/>
    <property name="localRepository" value="C:\Users\flaviane.c.siqueira\.m2\repository"/>
    <property name="java.vendor.url.bug" value="https://bugreport.java.com/bugreport/"/>
    <property name="java.io.tmpdir" value="C:\Users\FLAVIA~1.SIQ\AppData\Local\Temp\"/>
    <property name="idea.version" value="2020.2.3"/>
    <property name="java.version" value="11.0.8"/>
    <property name="user.dir" value="C:\Users\flaviane.c.siqueira\Documents\intelliJ\ChallengeStefanini"/>
    <property name="os.arch" value="amd64"/>
    <property name="java.vm.specification.name" value="Java Virtual Machine Specification"/>
    <property name="java.awt.printerjob" value="sun.awt.windows.WPrinterJob"/>
    <property name="sun.os.patch.level" value=""/>
    <property name="java.library.path" value="C:\Program Files\JetBrains\IntelliJ IDEA Community Edition 2019.3.3\jbr\bin;C:\windows\Sun\Java\bin;C:\windows\system32;C:\windows;C:\Program Files (x86)\Common Files\Oracle\Java\javapath;C:\windows\system32;C:\windows;C:\windows\System32\Wbem;C:\windows\System32\WindowsPowerShell\v1.0\;C:\windows\System32\OpenSSH\;C:\Users\flaviane.c.siqueira\AppData\Local\Microsoft\WindowsApps;C:\Users\flaviane.c.siqueira\AppData\Local\Programs\Git\cmd;C:\Program Files\JetBrains\IntelliJ IDEA Community Edition 2019.3.3\bin;;."/>
    <property name="java.vm.info" value="mixed mode"/>
    <property name="java.vendor" value="JetBrains s.r.o."/>
    <property name="java.vm.version" value="11.0.8+10-b944.34"/>
    <property name="sun.io.unicode.encoding" value="UnicodeLittle"/>
    <property name="java.class.version" value="55.0"/>
  </properties>
  <testcase name="Buy a product" classname="Test 2 UI" time="0.194">
    <error message="The driver executable does not exist: C:\Users\flaviane.c.siqueira\Documents\intelliJ\ChallengeStefanini\src\test\java\resources\drivers\windows\chromedriver.exe" type="java.lang.IllegalStateException">java.lang.IllegalStateException: The driver executable does not exist: C:\Users\flaviane.c.siqueira\Documents\intelliJ\ChallengeStefanini\src\test\java\resources\drivers\windows\chromedriver.exe
</error>
    <system-out><![CDATA[12:34:54.005 [main] DEBUG n.t.c.u.PropertiesFileLocalPreferences - LOADING LOCAL PROPERTIES FROM C:\Users\flaviane.c.siqueira\Documents\intelliJ\ChallengeStefanini\serenity.properties 
12:34:54.103 [main] DEBUG n.t.c.u.PropertiesFileLocalPreferences - LOADING LOCAL PROPERTIES FROM C:\Users\flaviane.c.siqueira\Documents\intelliJ\ChallengeStefanini\serenity.properties 
12:34:54.103 [main] DEBUG n.t.c.u.PropertiesFileLocalPreferences - LOADING LOCAL PROPERTIES FROM C:\Users\flaviane.c.siqueira\Documents\intelliJ\ChallengeStefanini\serenity.properties 
12:34:54.113 [main] DEBUG n.t.c.u.PropertiesFileLocalPreferences - show.pie.charts=true
12:34:54.114 [main] DEBUG n.t.c.u.PropertiesFileLocalPreferences - serenity.store.html.source=true
12:34:54.114 [main] DEBUG n.t.c.u.PropertiesFileLocalPreferences - serenity.test.root=starter
12:34:54.114 [main] DEBUG n.t.c.u.PropertiesFileLocalPreferences - serenity.verbose.steps=true
12:34:54.114 [main] DEBUG n.t.c.u.PropertiesFileLocalPreferences - serenity.console.colors=true
12:34:54.114 [main] DEBUG n.t.c.u.PropertiesFileLocalPreferences - serenity.project.name=Automation_Challenge
12:34:54.114 [main] DEBUG n.t.c.u.PropertiesFileLocalPreferences - serenity.take.screenshots=FOR_EACH_ACTION
12:34:54.114 [main] DEBUG n.t.c.u.PropertiesFileLocalPreferences - serenity.browser.maximized=true
12:34:54.114 [main] DEBUG n.t.c.u.PropertiesFileLocalPreferences - thucycides.step.delay=1000
12:34:54.115 [main] DEBUG n.t.c.u.PropertiesFileLocalPreferences - webdriver.timeouts.implicitlywait=60000
12:34:54.115 [main] DEBUG n.t.c.u.PropertiesFileLocalPreferences - serenity.verbose.screenshots=true
12:34:54.115 [main] DEBUG n.t.c.u.PropertiesFileLocalPreferences - drivers.windows.webdriver.ie.driver=src/test/resources/drivers/windows/IEDriverServer.exe
12:34:54.115 [main] DEBUG n.t.c.u.PropertiesFileLocalPreferences - webdriver.driver=chrome
12:34:54.115 [main] DEBUG n.t.c.u.PropertiesFileLocalPreferences - environments.default.api.acess.url=#{interzoid.url}/services/getweathercity
12:34:54.116 [main] DEBUG n.t.c.u.PropertiesFileLocalPreferences - drivers.windows.webdriver.chrome.driver=src/test/resources/drivers/windows/chromedriver.exe
12:34:54.116 [main] DEBUG n.t.c.u.PropertiesFileLocalPreferences - drivers.linux.webdriver.gecko.driver=src/test/resources/drivers/linux/geckodriver
12:34:54.116 [main] DEBUG n.t.c.u.PropertiesFileLocalPreferences - environments.default.interzoid.url=https://www.interzoid.com/services/getweathercity
12:34:54.116 [main] DEBUG n.t.c.u.PropertiesFileLocalPreferences - drivers.linux.webdriver.chrome.driver=src/test/resources/drivers/linux/chromedriver
12:34:54.116 [main] DEBUG n.t.c.u.PropertiesFileLocalPreferences - drivers.windows.webdriver.gecko.driver=src/test/resources/drivers/windows/geckodriver.exe
12:34:54.116 [main] DEBUG n.t.c.u.PropertiesFileLocalPreferences - chrome.switches=--test-type;--no-sandbox;--ignore-certificate-errors;\r\n                   --disable-popup-blocking;--disable-default-apps;--disable-extensions-file-access-check;\r\n                   --incognito;--disable-infobars,--disable-gpu
12:34:54.117 [main] DEBUG n.t.c.u.PropertiesFileLocalPreferences - drivers.mac.webdriver.gecko.driver=src/test/resources/drivers/mac/geckodriver
12:34:54.117 [main] DEBUG n.t.c.u.PropertiesFileLocalPreferences - drivers.mac.webdriver.chrome.driver=src/test/resources/drivers/mac/chromedriver
12:34:54.117 [main] DEBUG n.t.c.u.PropertiesFileLocalPreferences - headless.mode=false
12:34:54.117 [main] DEBUG n.t.c.u.PropertiesFileLocalPreferences - webdriver.use.driver.service.pool=false
12:34:54.477 [main] DEBUG n.t.c.u.PropertiesFileLocalPreferences - LOADING LOCAL PROPERTIES FROM C:\Users\flaviane.c.siqueira\Documents\intelliJ\ChallengeStefanini\serenity.properties 
12:34:54.498 [main] DEBUG n.t.c.u.PropertiesFileLocalPreferences - LOADING LOCAL PROPERTIES FROM C:\Users\flaviane.c.siqueira\Documents\intelliJ\ChallengeStefanini\serenity.properties 
12:34:54.499 [main] DEBUG n.t.c.u.PropertiesFileLocalPreferences - LOADING LOCAL PROPERTIES FROM C:\Users\flaviane.c.siqueira\Documents\intelliJ\ChallengeStefanini\serenity.properties 
12:34:54.500 [main] DEBUG n.t.c.u.PropertiesFileLocalPreferences - show.pie.charts=true
12:34:54.500 [main] DEBUG n.t.c.u.PropertiesFileLocalPreferences - serenity.store.html.source=true
12:34:54.500 [main] DEBUG n.t.c.u.PropertiesFileLocalPreferences - serenity.test.root=starter
12:34:54.500 [main] DEBUG n.t.c.u.PropertiesFileLocalPreferences - serenity.verbose.steps=true
12:34:54.500 [main] DEBUG n.t.c.u.PropertiesFileLocalPreferences - serenity.console.colors=true
12:34:54.500 [main] DEBUG n.t.c.u.PropertiesFileLocalPreferences - serenity.project.name=Automation_Challenge
12:34:54.500 [main] DEBUG n.t.c.u.PropertiesFileLocalPreferences - serenity.take.screenshots=FOR_EACH_ACTION
12:34:54.500 [main] DEBUG n.t.c.u.PropertiesFileLocalPreferences - serenity.browser.maximized=true
12:34:54.500 [main] DEBUG n.t.c.u.PropertiesFileLocalPreferences - thucycides.step.delay=1000
12:34:54.500 [main] DEBUG n.t.c.u.PropertiesFileLocalPreferences - webdriver.timeouts.implicitlywait=60000
12:34:54.501 [main] DEBUG n.t.c.u.PropertiesFileLocalPreferences - serenity.verbose.screenshots=true
12:34:54.501 [main] DEBUG n.t.c.u.PropertiesFileLocalPreferences - drivers.windows.webdriver.ie.driver=src/test/resources/drivers/windows/IEDriverServer.exe
12:34:54.501 [main] DEBUG n.t.c.u.PropertiesFileLocalPreferences - webdriver.driver=chrome
12:34:54.501 [main] DEBUG n.t.c.u.PropertiesFileLocalPreferences - environments.default.api.acess.url=#{interzoid.url}/services/getweathercity
12:34:54.501 [main] DEBUG n.t.c.u.PropertiesFileLocalPreferences - drivers.windows.webdriver.chrome.driver=src/test/resources/drivers/windows/chromedriver.exe
12:34:54.501 [main] DEBUG n.t.c.u.PropertiesFileLocalPreferences - drivers.linux.webdriver.gecko.driver=src/test/resources/drivers/linux/geckodriver
12:34:54.502 [main] DEBUG n.t.c.u.PropertiesFileLocalPreferences - environments.default.interzoid.url=https://www.interzoid.com/services/getweathercity
12:34:54.502 [main] DEBUG n.t.c.u.PropertiesFileLocalPreferences - drivers.linux.webdriver.chrome.driver=src/test/resources/drivers/linux/chromedriver
12:34:54.502 [main] DEBUG n.t.c.u.PropertiesFileLocalPreferences - drivers.windows.webdriver.gecko.driver=src/test/resources/drivers/windows/geckodriver.exe
12:34:54.502 [main] DEBUG n.t.c.u.PropertiesFileLocalPreferences - chrome.switches=--test-type;--no-sandbox;--ignore-certificate-errors;\r\n                   --disable-popup-blocking;--disable-default-apps;--disable-extensions-file-access-check;\r\n                   --incognito;--disable-infobars,--disable-gpu
12:34:54.502 [main] DEBUG n.t.c.u.PropertiesFileLocalPreferences - drivers.mac.webdriver.gecko.driver=src/test/resources/drivers/mac/geckodriver
12:34:54.502 [main] DEBUG n.t.c.u.PropertiesFileLocalPreferences - drivers.mac.webdriver.chrome.driver=src/test/resources/drivers/mac/chromedriver
12:34:54.502 [main] DEBUG n.t.c.u.PropertiesFileLocalPreferences - headless.mode=false
12:34:54.502 [main] DEBUG n.t.c.u.PropertiesFileLocalPreferences - webdriver.use.driver.service.pool=false
12:34:54.510 [main] INFO  n.t.c.steps.ConsoleLoggingListener - &amp#27;[96m

-------------------------------------------------------------------------------------
     _______. _______ .______       _______ .__   __.  __  .___________.____    ____ 
    /       ||   ____||   _  \     |   ____||  \ |  | |  | |           |\   \  /   / 
   |   (----`|  |__   |  |_)  |    |  |__   |   \|  | |  | `---|  |----` \   \/   /  
    \   \    |   __|  |      /     |   __|  |  . `  | |  |     |  |       \_    _/   
.----)   |   |  |____ |  |\  \----.|  |____ |  |\   | |  |     |  |         |  |     
|_______/    |_______|| _| `._____||_______||__| \__| |__|     |__|         |__|    
                                                                                     
 News and tutorials at http://www.serenity-bdd.info                                  
 Documentation at https://wakaleo.gitbooks.io/the-serenity-book/content/             
 Join the Serenity Community on Rocket Chat at https://serenity-bdd.rocket.chat      
 Serenity BDD Support and Training at http://serenity-bdd.info/#/trainingandsupport  
 Learn Serenity BDD online at http://serenity-dojo.com                               
-------------------------------------------------------------------------------------
&amp#27;[0m
12:34:54.515 [main] DEBUG n.thucydides.core.steps.StepEventBus - Test suite started for story net.thucydides.core.model.Story@6eaf5a37
12:34:54.517 [main] INFO  n.t.c.steps.ConsoleLoggingListener - Test Suite Started: Test 1 API
12:34:54.545 [main] DEBUG n.thucydides.core.steps.StepEventBus - Test suite started for story net.thucydides.core.model.Story@3399fd1a
12:34:54.546 [main] INFO  n.t.c.steps.ConsoleLoggingListener - Test Suite Started: Test 2 UI
12:34:55.028 [pool-1-thread-1] ERROR n.t.c.steps.ConsoleLoggingListener - &amp#27;[91m
           __  _____ _____ ____ _____   _____ _    ___ _     _____ ____  
  _       / / |_   _| ____/ ___|_   _| |  ___/ \  |_ _| |   | ____|  _ \ 
 (_)_____| |    | | |  _| \___ \ | |   | |_ / _ \  | || |   |  _| | | | |
  _|_____| |    | | | |___ ___) || |   |  _/ ___ \ | || |___| |___| |_| |
 (_)     | |    |_| |_____|____/ |_|   |_|/_/   \_\___|_____|_____|____/ 
          \_\                                                            

TEST FAILED WITH ERROR: Buy a product
---------------------------------------------------------------------&amp#27;[0m
12:34:55.031 [pool-1-thread-1] DEBUG n.t.c.steps.ConsoleLoggingListener - RELATED ISSUES: 
12:34:55.123 [pool-1-thread-1] ERROR n.t.c.steps.ConsoleLoggingListener - &amp#27;[91mTEST FAILED AT STEP Given open url - Demo Store&amp#27;[0m
12:34:55.123 [pool-1-thread-1] ERROR n.t.c.steps.ConsoleLoggingListener - The driver executable does not exist: C:\Users\flaviane.c.siqueira\Documents\intelliJ\ChallengeStefanini\src\test\java\resources\drivers\windows\chromedriver.exe
Feature: Test 2 UI

  @teste2
  Scenario: Buy a product                         # src/test/resources/features/TestUI.feature:6
    Given open url - Demo Store                   # CommonSteps.java:19
      java.lang.IllegalStateException: The driver executable does not exist: C:\Users\flaviane.c.siqueira\Documents\intelliJ\ChallengeStefanini\src\test\java\resources\drivers\windows\chromedriver.exe
	at com.google.common.base.Preconditions.checkState(Preconditions.java:585)
	at org.openqa.selenium.remote.service.DriverService.checkExecutable(DriverService.java:146)
	at org.openqa.selenium.remote.service.DriverService.findExecutable(DriverService.java:141)
	at org.openqa.selenium.chrome.ChromeDriverService.access$000(ChromeDriverService.java:35)
	at org.openqa.selenium.chrome.ChromeDriverService$Builder.findDefaultExecutable(ChromeDriverService.java:159)
	at org.openqa.selenium.remote.service.DriverService$Builder.build(DriverService.java:355)
	at org.openqa.selenium.chrome.ChromeDriverService.createDefaultService(ChromeDriverService.java:94)
	at org.openqa.selenium.chrome.ChromeDriver.<init>(ChromeDriver.java:123)
	at utils.WebDriverFactory.getDriver(WebDriverFactory.java:48)
	at steps.CommonSteps.lambda$new$0(CommonSteps.java:20)
	at ?.open url - Demo Store(src/test/resources/features/TestUI.feature:7)

    When search for product "Shirt"               # CommonSteps.java:23
    And click on product                          # CommonSteps.java:30
    And add to cart                               # CommonSteps.java:34
    And go to cart                                # CommonSteps.java:38
    Then Valid product and price                  # CommonSteps.java:42
    When proceed to checkout                      # CommonSteps.java:46
    And fill in additional information            # CommonSteps.java:50
    And select and fill payment methods           # CommonSteps.java:54
    And accept the terms and click on the captcha # CommonSteps.java:58
    And Finalize order                            # CommonSteps.java:62
    Then Valid if purchase completed successfully # CommonSteps.java:66

Failed scenarios:
src/test/resources/features/TestUI.feature:6 # Buy a product

1 Scenarios (1 failed)
12 Steps (1 failed, 11 skipped)
0m0,813s

java.lang.IllegalStateException: The driver executable does not exist: C:\Users\flaviane.c.siqueira\Documents\intelliJ\ChallengeStefanini\src\test\java\resources\drivers\windows\chromedriver.exe
	at com.google.common.base.Preconditions.checkState(Preconditions.java:585)
	at org.openqa.selenium.remote.service.DriverService.checkExecutable(DriverService.java:146)
	at org.openqa.selenium.remote.service.DriverService.findExecutable(DriverService.java:141)
	at org.openqa.selenium.chrome.ChromeDriverService.access$000(ChromeDriverService.java:35)
	at org.openqa.selenium.chrome.ChromeDriverService$Builder.findDefaultExecutable(ChromeDriverService.java:159)
	at org.openqa.selenium.remote.service.DriverService$Builder.build(DriverService.java:355)
	at org.openqa.selenium.chrome.ChromeDriverService.createDefaultService(ChromeDriverService.java:94)
	at org.openqa.selenium.chrome.ChromeDriver.<init>(ChromeDriver.java:123)
	at utils.WebDriverFactory.getDriver(WebDriverFactory.java:48)
	at steps.CommonSteps.lambda$new$0(CommonSteps.java:20)
	at ?.open url - Demo Store(src/test/resources/features/TestUI.feature:7)

12:34:55.140 [pool-1-thread-1] DEBUG n.t.core.reports.ReportService - Reporting formats: [JSON, HTML]
12:34:55.237 [pool-1-thread-1] DEBUG n.t.core.reports.ReportService - Reporting formats: [JSON, HTML]
12:34:55.263 [pool-1-thread-1] DEBUG n.t.core.reports.ReportService - Generating reports for 1 test outcomes using: net.thucydides.core.reports.json.JSONTestOutcomeReporter@55a28893
12:34:55.265 [pool-1-thread-1] DEBUG n.t.core.reports.ReportService - Processing test outcome Test 2 UI:Buy a product
12:34:55.265 [pool-1-thread-1] DEBUG n.t.core.reports.ReportService - net.thucydides.core.reports.json.JSONTestOutcomeReporter@55a28893: Generating report for test outcome: Test 2 UI:Buy a product
12:34:55.459 [pool-1-thread-1] DEBUG n.t.c.r.json.JSONTestOutcomeReporter - Generating JSON report for Buy a product to file C:\Users\flaviane.c.siqueira\Documents\intelliJ\ChallengeStefanini\target\site\serenity\c9039bda2bc84d71550d36feb6bd59d55785ee7b39054775bdf58880ff4a3467.json (using temp file C:\Users\flaviane.c.siqueira\Documents\intelliJ\ChallengeStefanini\target\site\serenity\c9039bda2bc84d71550d36feb6bd59d55785ee7b39054775bdf58880ff4a3467.jsonea4a790a-7feb-4a5f-b774-b601c1a290cd)
12:34:55.500 [pool-1-thread-1] DEBUG n.t.core.reports.ReportService - Processing test outcome Test 2 UI:Buy a product done
12:34:55.500 [pool-1-thread-1] DEBUG n.t.core.reports.ReportService - Shutting down executor service
12:34:55.501 [pool-1-thread-1] DEBUG n.t.core.reports.ReportService - Reports generated in: 238 ms
12:34:55.501 [pool-1-thread-1] DEBUG n.t.core.reports.ReportService - Generating reports for 1 test outcomes using: net.thucydides.core.reports.html.HtmlAcceptanceTestReporter@1a91d35f
12:34:55.501 [pool-2-thread-1] DEBUG n.t.core.reports.ReportService - Processing test outcome Test 2 UI:Buy a product
12:34:55.501 [pool-2-thread-1] DEBUG n.t.core.reports.ReportService - net.thucydides.core.reports.html.HtmlAcceptanceTestReporter@1a91d35f: Generating report for test outcome: Test 2 UI:Buy a product
12:34:55.502 [pool-2-thread-1] DEBUG n.t.c.r.h.HtmlAcceptanceTestReporter - GENERATE TEST OUTCOME REPORT FOR Buy a product in c9039bda2bc84d71550d36feb6bd59d55785ee7b39054775bdf58880ff4a3467
12:34:55.567 [pool-2-thread-1] INFO  n.t.c.r.PackageRequirementsTagProvider - Loading requirements from package requirements at: starter
12:34:56.250 [pool-2-thread-1] DEBUG n.t.c.r.m.cucumber.CucumberParser - Found no Cucumber 4.2.6 class cucumber.runtime.model.FeatureLoader try Cucumber 4.2.0 
12:34:56.258 [pool-2-thread-1] DEBUG n.t.c.r.m.cucumber.CucumberParser - Found no Cucumber 4.2.6 class cucumber.runtime.model.FeatureLoader try Cucumber 4.2.0 
12:34:56.261 [pool-2-thread-1] DEBUG n.t.c.r.RequirementsTagProvider -  found:[Requirement{name='Test 1 API', type='feature' parent = 'null', cardNumber='null'}, Requirement{name='Test 2 UI', type='feature' parent = 'null', cardNumber='null'}]
12:34:56.283 [pool-2-thread-1] DEBUG n.t.c.r.BaseRequirementsService - Requirement found for test outcome Buy a product-[]: Optional[Requirement{name='Test 2 UI', type='feature' parent = 'null', cardNumber='null'}]
12:34:56.287 [pool-2-thread-1] DEBUG n.t.c.r.BaseRequirementsService - Requirement found for test outcome Buy a product-[]: Optional[Requirement{name='Test 2 UI', type='feature' parent = 'null', cardNumber='null'}]
12:34:56.392 [pool-2-thread-1] DEBUG n.t.c.r.h.HtmlAcceptanceTestReporter - GENERATING HTML REPORT FOR Test 2 UI:Buy a product in c9039bda2bc84d71550d36feb6bd59d55785ee7b39054775bdf58880ff4a3467.html in directory target\site\serenity  
12:34:57.423 [pool-2-thread-1] DEBUG n.t.c.r.h.HtmlAcceptanceTestReporter - Generating report in c9039bda2bc84d71550d36feb6bd59d55785ee7b39054775bdf58880ff4a3467.html
12:34:57.891 [pool-2-thread-1] DEBUG n.t.c.r.h.HtmlAcceptanceTestReporter - Generated report c9039bda2bc84d71550d36feb6bd59d55785ee7b39054775bdf58880ff4a3467.html in 467 ms
12:34:57.891 [pool-2-thread-1] DEBUG n.t.core.reports.ReportService - Processing test outcome Test 2 UI:Buy a product done
12:34:57.891 [pool-1-thread-1] DEBUG n.t.core.reports.ReportService - Shutting down executor service
12:34:57.891 [pool-1-thread-1] DEBUG n.t.core.reports.ReportService - Reports generated in: 2390 ms
12:34:54.856 [pool-1-thread-1] INFO  n.t.c.steps.ConsoleLoggingListener - 
 _____ _____ ____ _____   ____ _____  _    ____ _____ _____ ____  
|_   _| ____/ ___|_   _| / ___|_   _|/ \  |  _ \_   _| ____|  _ \ 
  | | |  _| \___ \ | |   \___ \ | | / _ \ | |_) || | |  _| | | | |
  | | | |___ ___) || |    ___) || |/ ___ \|  _ < | | | |___| |_| |
  |_| |_____|____/ |_|   |____/ |_/_/   \_\_| \_\|_| |_____|____/ 
                                                                  

TEST STARTED: Buy a product
-------------------------------------------------------------------(test-2-ui;buy-a-product)
]]></system-out>
  </testcase>
</testsuite>